<?xml version='1.0'?>
<ns2:test-suite xmlns:ns2='urn:model.allure.qatools.yandex.ru' start='1663598668073' stop='1663598698914'>
    <name>Login to dashboard and multiple operations with user</name>
    <title>Login to dashboard and multiple operations with user</title>
    <test-cases>
        <test-case start='1663598668073' status='broken' stop='1663598672225'>
            <name>should login with valid credentials</name>
            <title>should login with valid credentials</title>
            <labels>
                <label name='language' value='javascript'/>
                <label name='framework' value='wdio'/>
                <label name='thread' value='0-0'/>
            </labels>
            <parameters>
                <parameter kind='argument' name='browser' value='chrome-105.0.5195.125'/>
            </parameters>
            <steps/>
            <attachments>
                <attachment title='Screenshot' source='921b30bd-8b60-4d9e-80cb-913d47fb502d-attachment.png' type='image/png' size='267017'/>
            </attachments>
            <failure>
                <message>The selector "//*[@id="app"]/div[1]/div[1]/header/div[2]/nav/ul/li[1]/span/text()" used with strategy "xpath" is invalid! For more information on selectors visit the WebdriverIO docs at: https://webdriver.io/docs/selectors</message>
                <stack-trace>invalid selector: The selector "//*[@id="app"]/div[1]/div[1]/header/div[2]/nav/ul/li[1]/span/text()" used with strategy "xpath" is invalid! For more information on selectors visit the WebdriverIO docs at: https://webdriver.io/docs/selectors
                    at processTicksAndRejections (node:internal/process/task_queues:96:5)
                    at async Object.executeCommandBe (/Users/Tiger/Desktop/SFT/module-3/ht/HT_Var1/node_modules/expect-webdriverio/lib/utils.js:47:16)
                    at async /Users/Tiger/Desktop/SFT/module-3/ht/HT_Var1/node_modules/expect-webdriverio/lib/matchers/element/toBeExisting.js:10:24
                    at async Context.&lt;anonymous> (/Users/Tiger/Desktop/SFT/module-3/ht/HT_Var1/test/specs/main.e2e.js:9:9)</stack-trace>
            </failure>
        </test-case>
        <test-case start='1663598672225' status='passed' stop='1663598678511'>
            <name>should add user</name>
            <title>should add user</title>
            <labels>
                <label name='language' value='javascript'/>
                <label name='framework' value='wdio'/>
                <label name='thread' value='0-0'/>
            </labels>
            <parameters>
                <parameter kind='argument' name='browser' value='chrome-105.0.5195.125'/>
            </parameters>
            <steps/>
            <attachments/>
        </test-case>
        <test-case start='1663598678512' status='broken' stop='1663598688712'>
            <name>should verify that user added and appear</name>
            <title>should verify that user added and appear</title>
            <labels>
                <label name='language' value='javascript'/>
                <label name='framework' value='wdio'/>
                <label name='thread' value='0-0'/>
            </labels>
            <parameters>
                <parameter kind='argument' name='browser' value='chrome-105.0.5195.125'/>
            </parameters>
            <steps/>
            <attachments>
                <attachment title='Screenshot' source='ea9a35d0-821c-4ddb-aa9e-bc7b8da869e6-attachment.png' type='image/png' size='298149'/>
            </attachments>
            <failure>
                <message>Can't call addValue on element with selector "//form/div[1]/div/div[1]/div/div[2]/input" because element wasn't found</message>
                <stack-trace>Error: Can't call addValue on element with selector "//form/div[1]/div/div[1]/div/div[2]/input" because element wasn't found
                    at async AdminPage.verify (/Users/Tiger/Desktop/SFT/module-3/ht/HT_Var1/test/pageobjects/admin.page.js:85:7)
                    at async Context.&lt;anonymous> (/Users/Tiger/Desktop/SFT/module-3/ht/HT_Var1/test/specs/main.e2e.js:17:9)</stack-trace>
            </failure>
        </test-case>
        <test-case start='1663598688712' status='broken' stop='1663598698913'>
            <name>should delete user</name>
            <title>should delete user</title>
            <labels>
                <label name='language' value='javascript'/>
                <label name='framework' value='wdio'/>
                <label name='thread' value='0-0'/>
            </labels>
            <parameters>
                <parameter kind='argument' name='browser' value='chrome-105.0.5195.125'/>
            </parameters>
            <steps/>
            <attachments>
                <attachment title='Screenshot' source='977d1dd1-1f13-45e2-b3b8-804160b57fc4-attachment.png' type='image/png' size='298149'/>
            </attachments>
            <failure>
                <message>Can't call click on element with selector "//div[text()="Andora"]/ancestor::div[@class="oxd-table-card"]//span" because element wasn't found</message>
                <stack-trace>Error: Can't call click on element with selector "//div[text()="Andora"]/ancestor::div[@class="oxd-table-card"]//span" because element wasn't found
                    at async AdminPage.delete (/Users/Tiger/Desktop/SFT/module-3/ht/HT_Var1/test/pageobjects/admin.page.js:105:6)
                    at async Context.&lt;anonymous> (/Users/Tiger/Desktop/SFT/module-3/ht/HT_Var1/test/specs/main.e2e.js:22:9)</stack-trace>
            </failure>
        </test-case>
    </test-cases>
</ns2:test-suite>